2024-08-28T14:06:53.740+09:00  INFO 8688 --- [boot01hello] [restartedMain] test.com.hello.Boot01helloApplication    : Starting Boot01helloApplication using Java 17.0.10 with PID 8688 (C:\MULTI_EDU_26\springboot\work\boot01hello\target\classes started by tkwkd in C:\MULTI_EDU_26\springboot\work\boot01hello)
2024-08-28T14:06:53.741+09:00  INFO 8688 --- [boot01hello] [restartedMain] test.com.hello.Boot01helloApplication    : No active profile set, falling back to 1 default profile: "default"
2024-08-28T14:06:53.843+09:00  INFO 8688 --- [boot01hello] [restartedMain] o.s.b.w.embedded.tomcat.TomcatWebServer  : Tomcat initialized with port 8801 (http)
2024-08-28T14:06:53.844+09:00  INFO 8688 --- [boot01hello] [restartedMain] o.apache.catalina.core.StandardService   : Starting service [Tomcat]
2024-08-28T14:06:53.844+09:00  INFO 8688 --- [boot01hello] [restartedMain] o.apache.catalina.core.StandardEngine    : Starting Servlet engine: [Apache Tomcat/10.1.28]
2024-08-28T14:06:53.852+09:00  INFO 8688 --- [boot01hello] [restartedMain] o.a.c.c.C.[Tomcat].[localhost].[/]       : Initializing Spring embedded WebApplicationContext
2024-08-28T14:06:53.852+09:00  INFO 8688 --- [boot01hello] [restartedMain] w.s.c.ServletWebServerApplicationContext : Root WebApplicationContext: initialization completed in 110 ms
2024-08-28T14:06:53.855+09:00  INFO 8688 --- [boot01hello] [restartedMain] test.com.hello.TestComponent             : TestComponent()...
2024-08-28T14:06:53.855+09:00  INFO 8688 --- [boot01hello] [restartedMain] test.com.hello.UserComponent             : UserComponent()...
2024-08-28T14:06:53.855+09:00  INFO 8688 --- [boot01hello] [restartedMain] test.com.hello.TestBean                  : TestBean()...
2024-08-28T14:06:53.855+09:00  INFO 8688 --- [boot01hello] [restartedMain] test.com.hello.Person                    : Person()...
2024-08-28T14:06:53.861+09:00  INFO 8688 --- [boot01hello] [restartedMain] o.s.b.a.w.s.WelcomePageHandlerMapping    : Adding welcome page: class path resource [static/index.html]
2024-08-28T14:06:53.880+09:00  INFO 8688 --- [boot01hello] [restartedMain] o.s.b.d.a.OptionalLiveReloadServer       : LiveReload server is running on port 35729
2024-08-28T14:06:53.886+09:00  INFO 8688 --- [boot01hello] [restartedMain] o.s.b.w.embedded.tomcat.TomcatWebServer  : Tomcat started on port 8801 (http) with context path '/'
2024-08-28T14:06:53.888+09:00  INFO 8688 --- [boot01hello] [restartedMain] test.com.hello.Boot01helloApplication    : Started Boot01helloApplication in 0.163 seconds (process running for 150.942)
2024-08-28T14:06:53.889+09:00  INFO 8688 --- [boot01hello] [restartedMain] .ConditionEvaluationDeltaLoggingListener : Condition evaluation unchanged
2024-08-28T14:06:54.923+09:00  INFO 8688 --- [boot01hello] [RMI TCP Connection(16)-127.0.0.1] inMXBeanRegistrar$SpringApplicationAdmin : Application shutdown requested.
2024-08-28T14:06:56.373+09:00  INFO 8300 --- [boot01hello] [restartedMain] test.com.hello.Boot01helloApplication    : Starting Boot01helloApplication using Java 17.0.10 with PID 8300 (C:\MULTI_EDU_26\springboot\work\boot01hello\target\classes started by tkwkd in C:\MULTI_EDU_26\springboot\work\boot01hello)
2024-08-28T14:06:56.375+09:00  INFO 8300 --- [boot01hello] [restartedMain] test.com.hello.Boot01helloApplication    : No active profile set, falling back to 1 default profile: "default"
2024-08-28T14:06:56.405+09:00  INFO 8300 --- [boot01hello] [restartedMain] .e.DevToolsPropertyDefaultsPostProcessor : Devtools property defaults active! Set 'spring.devtools.add-properties' to 'false' to disable
2024-08-28T14:06:56.405+09:00  INFO 8300 --- [boot01hello] [restartedMain] .e.DevToolsPropertyDefaultsPostProcessor : For additional web related logging consider setting the 'logging.level.web' property to 'DEBUG'
2024-08-28T14:06:56.946+09:00  INFO 8300 --- [boot01hello] [restartedMain] o.s.b.w.embedded.tomcat.TomcatWebServer  : Tomcat initialized with port 8801 (http)
2024-08-28T14:06:56.955+09:00  INFO 8300 --- [boot01hello] [restartedMain] o.apache.catalina.core.StandardService   : Starting service [Tomcat]
2024-08-28T14:06:56.955+09:00  INFO 8300 --- [boot01hello] [restartedMain] o.apache.catalina.core.StandardEngine    : Starting Servlet engine: [Apache Tomcat/10.1.28]
2024-08-28T14:06:56.986+09:00  INFO 8300 --- [boot01hello] [restartedMain] o.a.c.c.C.[Tomcat].[localhost].[/]       : Initializing Spring embedded WebApplicationContext
2024-08-28T14:06:56.986+09:00  INFO 8300 --- [boot01hello] [restartedMain] w.s.c.ServletWebServerApplicationContext : Root WebApplicationContext: initialization completed in 580 ms
2024-08-28T14:06:57.018+09:00  INFO 8300 --- [boot01hello] [restartedMain] test.com.hello.TestComponent             : TestComponent()...
2024-08-28T14:06:57.019+09:00  INFO 8300 --- [boot01hello] [restartedMain] test.com.hello.UserComponent             : UserComponent()...
2024-08-28T14:06:57.019+09:00  INFO 8300 --- [boot01hello] [restartedMain] test.com.hello.TestBean                  : TestBean()...
2024-08-28T14:06:57.020+09:00  INFO 8300 --- [boot01hello] [restartedMain] test.com.hello.Person                    : Person()...
2024-08-28T14:06:57.052+09:00  INFO 8300 --- [boot01hello] [restartedMain] o.s.b.a.w.s.WelcomePageHandlerMapping    : Adding welcome page: class path resource [static/index.html]
2024-08-28T14:06:57.194+09:00  INFO 8300 --- [boot01hello] [restartedMain] o.s.b.d.a.OptionalLiveReloadServer       : LiveReload server is running on port 35729
2024-08-28T14:06:57.215+09:00  INFO 8300 --- [boot01hello] [restartedMain] o.s.b.w.embedded.tomcat.TomcatWebServer  : Tomcat started on port 8801 (http) with context path '/'
2024-08-28T14:06:57.221+09:00  INFO 8300 --- [boot01hello] [restartedMain] test.com.hello.Boot01helloApplication    : Started Boot01helloApplication in 1.092 seconds (process running for 1.569)
2024-08-28T14:07:53.933+09:00  INFO 8300 --- [boot01hello] [RMI TCP Connection(10)-127.0.0.1] inMXBeanRegistrar$SpringApplicationAdmin : Application shutdown requested.
2024-08-28T14:07:55.378+09:00  INFO 2556 --- [boot01hello] [restartedMain] test.com.hello.Boot01helloApplication    : Starting Boot01helloApplication using Java 17.0.10 with PID 2556 (C:\MULTI_EDU_26\springboot\work\boot01hello\target\classes started by tkwkd in C:\MULTI_EDU_26\springboot\work\boot01hello)
2024-08-28T14:07:55.380+09:00  INFO 2556 --- [boot01hello] [restartedMain] test.com.hello.Boot01helloApplication    : No active profile set, falling back to 1 default profile: "default"
2024-08-28T14:07:55.411+09:00  INFO 2556 --- [boot01hello] [restartedMain] .e.DevToolsPropertyDefaultsPostProcessor : Devtools property defaults active! Set 'spring.devtools.add-properties' to 'false' to disable
2024-08-28T14:07:55.411+09:00  INFO 2556 --- [boot01hello] [restartedMain] .e.DevToolsPropertyDefaultsPostProcessor : For additional web related logging consider setting the 'logging.level.web' property to 'DEBUG'
2024-08-28T14:07:55.942+09:00  INFO 2556 --- [boot01hello] [restartedMain] o.s.b.w.embedded.tomcat.TomcatWebServer  : Tomcat initialized with port 8801 (http)
2024-08-28T14:07:55.951+09:00  INFO 2556 --- [boot01hello] [restartedMain] o.apache.catalina.core.StandardService   : Starting service [Tomcat]
2024-08-28T14:07:55.951+09:00  INFO 2556 --- [boot01hello] [restartedMain] o.apache.catalina.core.StandardEngine    : Starting Servlet engine: [Apache Tomcat/10.1.28]
2024-08-28T14:07:55.980+09:00  INFO 2556 --- [boot01hello] [restartedMain] o.a.c.c.C.[Tomcat].[localhost].[/]       : Initializing Spring embedded WebApplicationContext
2024-08-28T14:07:55.981+09:00  INFO 2556 --- [boot01hello] [restartedMain] w.s.c.ServletWebServerApplicationContext : Root WebApplicationContext: initialization completed in 569 ms
2024-08-28T14:07:56.013+09:00  INFO 2556 --- [boot01hello] [restartedMain] test.com.hello.TestComponent             : TestComponent()...
2024-08-28T14:07:56.013+09:00  INFO 2556 --- [boot01hello] [restartedMain] test.com.hello.UserComponent             : UserComponent()...
2024-08-28T14:07:56.014+09:00  INFO 2556 --- [boot01hello] [restartedMain] test.com.hello.TestBean                  : TestBean()...
2024-08-28T14:07:56.014+09:00  INFO 2556 --- [boot01hello] [restartedMain] test.com.hello.Person                    : Person()...
2024-08-28T14:07:56.052+09:00  INFO 2556 --- [boot01hello] [restartedMain] o.s.b.a.w.s.WelcomePageHandlerMapping    : Adding welcome page: class path resource [static/index.html]
2024-08-28T14:07:56.197+09:00  INFO 2556 --- [boot01hello] [restartedMain] o.s.b.d.a.OptionalLiveReloadServer       : LiveReload server is running on port 35729
2024-08-28T14:07:56.220+09:00  INFO 2556 --- [boot01hello] [restartedMain] o.s.b.w.embedded.tomcat.TomcatWebServer  : Tomcat started on port 8801 (http) with context path '/'
2024-08-28T14:07:56.228+09:00  INFO 2556 --- [boot01hello] [restartedMain] test.com.hello.Boot01helloApplication    : Started Boot01helloApplication in 1.092 seconds (process running for 1.546)
2024-08-28T14:12:41.166+09:00  INFO 2556 --- [boot01hello] [File Watcher] rtingClassPathChangeChangedEventListener : Restarting due to 3 class path changes (1 addition, 0 deletions, 2 modifications)
